This file contains any messages produced by compilers while
running configure, to aid debugging if configure makes a mistake.

It was created by TMT-Discover configure 1.0.0, which was
generated by GNU Autoconf 2.69.  Invocation command line was

  $ ./configure --no-create --no-recursion

## --------- ##
## Platform. ##
## --------- ##

hostname = excelle-VirtualBox
uname -m = x86_64
uname -r = 4.4.0-57-generic
uname -s = Linux
uname -v = #78-Ubuntu SMP Fri Dec 9 23:50:32 UTC 2016

/usr/bin/uname -p = unknown
/bin/uname -X     = unknown

/bin/arch              = unknown
/usr/bin/arch -k       = unknown
/usr/convex/getsysinfo = unknown
/usr/bin/hostinfo      = unknown
/bin/machine           = unknown
/usr/bin/oslevel       = unknown
/bin/universe          = unknown

PATH: /opt/ros/kinetic/bin
PATH: /usr/local/bin/intel/compilers_and_libraries_2016.1.150/linux/bin/intel64
PATH: /usr/local/bin/intel//compilers_and_libraries_2016.1.150/linux/mpi/intel64/bin
PATH: /usr/local/bin/intel/debugger_2016/gdb/intel64_mic/bin
PATH: /usr/local/bin/intel/compilers_and_libraries_2016.1.150/linux/bin/intel64
PATH: /usr/local/bin/intel//compilers_and_libraries_2016.1.150/linux/mpi/intel64/bin
PATH: /usr/local/bin/intel/debugger_2016/gdb/intel64_mic/bin
PATH: /usr/local/texlive/2015/bin/x86_64-linux
PATH: /usr/local/texlive/2015/bin/x86_64-linux
PATH: /usr/local/sbin
PATH: /usr/local/bin
PATH: /usr/sbin
PATH: /usr/bin
PATH: /sbin
PATH: /bin
PATH: /usr/games
PATH: /usr/local/games
PATH: /snap/bin
PATH: /home/excelle/Downloads/crux-2.1.Linux.x86_64/bin


## ----------- ##
## Core tests. ##
## ----------- ##

configure:2101: checking for a BSD-compatible install
configure:2169: result: /usr/bin/install -c
configure:2180: checking whether build environment is sane
configure:2235: result: yes
configure:2386: checking for a thread-safe mkdir -p
configure:2425: result: /bin/mkdir -p
configure:2432: checking for gawk
configure:2448: found /usr/bin/gawk
configure:2459: result: gawk
configure:2470: checking whether make sets $(MAKE)
configure:2492: result: yes
configure:2521: checking whether make supports nested variables
configure:2538: result: yes
configure:2727: checking for g++
configure:2743: found /usr/bin/g++
configure:2754: result: g++
configure:2781: checking for C++ compiler version
configure:2790: g++ --version >&5
g++ (Ubuntu 5.4.0-6ubuntu1~16.04.4) 5.4.0 20160609
Copyright (C) 2015 Free Software Foundation, Inc.
This is free software; see the source for copying conditions.  There is NO
warranty; not even for MERCHANTABILITY or FITNESS FOR A PARTICULAR PURPOSE.

configure:2801: $? = 0
configure:2790: g++ -v >&5
Using built-in specs.
COLLECT_GCC=g++
COLLECT_LTO_WRAPPER=/usr/lib/gcc/x86_64-linux-gnu/5/lto-wrapper
Target: x86_64-linux-gnu
Configured with: ../src/configure -v --with-pkgversion='Ubuntu 5.4.0-6ubuntu1~16.04.4' --with-bugurl=file:///usr/share/doc/gcc-5/README.Bugs --enable-languages=c,ada,c++,java,go,d,fortran,objc,obj-c++ --prefix=/usr --program-suffix=-5 --enable-shared --enable-linker-build-id --libexecdir=/usr/lib --without-included-gettext --enable-threads=posix --libdir=/usr/lib --enable-nls --with-sysroot=/ --enable-clocale=gnu --enable-libstdcxx-debug --enable-libstdcxx-time=yes --with-default-libstdcxx-abi=new --enable-gnu-unique-object --disable-vtable-verify --enable-libmpx --enable-plugin --with-system-zlib --disable-browser-plugin --enable-java-awt=gtk --enable-gtk-cairo --with-java-home=/usr/lib/jvm/java-1.5.0-gcj-5-amd64/jre --enable-java-home --with-jvm-root-dir=/usr/lib/jvm/java-1.5.0-gcj-5-amd64 --with-jvm-jar-dir=/usr/lib/jvm-exports/java-1.5.0-gcj-5-amd64 --with-arch-directory=amd64 --with-ecj-jar=/usr/share/java/eclipse-ecj.jar --enable-objc-gc --enable-multiarch --disable-werror --with-arch-32=i686 --with-abi=m64 --with-multilib-list=m32,m64,mx32 --enable-multilib --with-tune=generic --enable-checking=release --build=x86_64-linux-gnu --host=x86_64-linux-gnu --target=x86_64-linux-gnu
Thread model: posix
gcc version 5.4.0 20160609 (Ubuntu 5.4.0-6ubuntu1~16.04.4) 
configure:2801: $? = 0
configure:2790: g++ -V >&5
g++: error: unrecognized command line option '-V'
g++: fatal error: no input files
compilation terminated.
configure:2801: $? = 1
configure:2790: g++ -qversion >&5
g++: error: unrecognized command line option '-qversion'
g++: fatal error: no input files
compilation terminated.
configure:2801: $? = 1
configure:2821: checking whether the C++ compiler works
configure:2843: g++    conftest.cpp  >&5
configure:2847: $? = 0
configure:2895: result: yes
configure:2898: checking for C++ compiler default output file name
configure:2900: result: a.out
configure:2906: checking for suffix of executables
configure:2913: g++ -o conftest    conftest.cpp  >&5
configure:2917: $? = 0
configure:2939: result: 
configure:2961: checking whether we are cross compiling
configure:2969: g++ -o conftest    conftest.cpp  >&5
configure:2973: $? = 0
configure:2980: ./conftest
configure:2984: $? = 0
configure:2999: result: no
configure:3004: checking for suffix of object files
configure:3026: g++ -c   conftest.cpp >&5
configure:3030: $? = 0
configure:3051: result: o
configure:3055: checking whether we are using the GNU C++ compiler
configure:3074: g++ -c   conftest.cpp >&5
configure:3074: $? = 0
configure:3083: result: yes
configure:3092: checking whether g++ accepts -g
configure:3112: g++ -c -g  conftest.cpp >&5
configure:3112: $? = 0
configure:3153: result: yes
configure:3187: checking for style of include used by make
configure:3215: result: GNU
configure:3241: checking dependency style of g++
configure:3352: result: gcc3
configure:3415: checking for gcc
configure:3431: found /usr/bin/gcc
configure:3442: result: gcc
configure:3671: checking for C compiler version
configure:3680: gcc --version >&5
gcc (Ubuntu 5.4.0-6ubuntu1~16.04.4) 5.4.0 20160609
Copyright (C) 2015 Free Software Foundation, Inc.
This is free software; see the source for copying conditions.  There is NO
warranty; not even for MERCHANTABILITY or FITNESS FOR A PARTICULAR PURPOSE.

configure:3691: $? = 0
configure:3680: gcc -v >&5
Using built-in specs.
COLLECT_GCC=gcc
COLLECT_LTO_WRAPPER=/usr/lib/gcc/x86_64-linux-gnu/5/lto-wrapper
Target: x86_64-linux-gnu
Configured with: ../src/configure -v --with-pkgversion='Ubuntu 5.4.0-6ubuntu1~16.04.4' --with-bugurl=file:///usr/share/doc/gcc-5/README.Bugs --enable-languages=c,ada,c++,java,go,d,fortran,objc,obj-c++ --prefix=/usr --program-suffix=-5 --enable-shared --enable-linker-build-id --libexecdir=/usr/lib --without-included-gettext --enable-threads=posix --libdir=/usr/lib --enable-nls --with-sysroot=/ --enable-clocale=gnu --enable-libstdcxx-debug --enable-libstdcxx-time=yes --with-default-libstdcxx-abi=new --enable-gnu-unique-object --disable-vtable-verify --enable-libmpx --enable-plugin --with-system-zlib --disable-browser-plugin --enable-java-awt=gtk --enable-gtk-cairo --with-java-home=/usr/lib/jvm/java-1.5.0-gcj-5-amd64/jre --enable-java-home --with-jvm-root-dir=/usr/lib/jvm/java-1.5.0-gcj-5-amd64 --with-jvm-jar-dir=/usr/lib/jvm-exports/java-1.5.0-gcj-5-amd64 --with-arch-directory=amd64 --with-ecj-jar=/usr/share/java/eclipse-ecj.jar --enable-objc-gc --enable-multiarch --disable-werror --with-arch-32=i686 --with-abi=m64 --with-multilib-list=m32,m64,mx32 --enable-multilib --with-tune=generic --enable-checking=release --build=x86_64-linux-gnu --host=x86_64-linux-gnu --target=x86_64-linux-gnu
Thread model: posix
gcc version 5.4.0 20160609 (Ubuntu 5.4.0-6ubuntu1~16.04.4) 
configure:3691: $? = 0
configure:3680: gcc -V >&5
gcc: error: unrecognized command line option '-V'
gcc: fatal error: no input files
compilation terminated.
configure:3691: $? = 1
configure:3680: gcc -qversion >&5
gcc: error: unrecognized command line option '-qversion'
gcc: fatal error: no input files
compilation terminated.
configure:3691: $? = 1
configure:3695: checking whether we are using the GNU C compiler
configure:3714: gcc -c   conftest.c >&5
configure:3714: $? = 0
configure:3723: result: yes
configure:3732: checking whether gcc accepts -g
configure:3752: gcc -c -g  conftest.c >&5
configure:3752: $? = 0
configure:3793: result: yes
configure:3810: checking for gcc option to accept ISO C89
configure:3873: gcc  -c -g -O2  conftest.c >&5
configure:3873: $? = 0
configure:3886: result: none needed
configure:3911: checking whether gcc understands -c and -o together
configure:3933: gcc -c conftest.c -o conftest2.o
configure:3936: $? = 0
configure:3933: gcc -c conftest.c -o conftest2.o
configure:3936: $? = 0
configure:3948: result: yes
configure:3967: checking dependency style of gcc
configure:4078: result: gcc3
configure:4108: checking how to run the C preprocessor
configure:4139: gcc -E  conftest.c
configure:4139: $? = 0
configure:4153: gcc -E  conftest.c
conftest.c:11:28: fatal error: ac_nonexistent.h: No such file or directory
compilation terminated.
configure:4153: $? = 1
configure: failed program was:
| /* confdefs.h */
| #define PACKAGE_NAME "TMT-Discover"
| #define PACKAGE_TARNAME "tmt-discover"
| #define PACKAGE_VERSION "1.0.0"
| #define PACKAGE_STRING "TMT-Discover 1.0.0"
| #define PACKAGE_BUGREPORT "gaofeng@ict.ac.cn"
| #define PACKAGE_URL ""
| #define PACKAGE "tmt-discover"
| #define VERSION "1.0.0"
| /* end confdefs.h.  */
| #include <ac_nonexistent.h>
configure:4178: result: gcc -E
configure:4198: gcc -E  conftest.c
configure:4198: $? = 0
configure:4212: gcc -E  conftest.c
conftest.c:11:28: fatal error: ac_nonexistent.h: No such file or directory
compilation terminated.
configure:4212: $? = 1
configure: failed program was:
| /* confdefs.h */
| #define PACKAGE_NAME "TMT-Discover"
| #define PACKAGE_TARNAME "tmt-discover"
| #define PACKAGE_VERSION "1.0.0"
| #define PACKAGE_STRING "TMT-Discover 1.0.0"
| #define PACKAGE_BUGREPORT "gaofeng@ict.ac.cn"
| #define PACKAGE_URL ""
| #define PACKAGE "tmt-discover"
| #define VERSION "1.0.0"
| /* end confdefs.h.  */
| #include <ac_nonexistent.h>
configure:4241: checking for grep that handles long lines and -e
configure:4299: result: /bin/grep
configure:4304: checking for egrep
configure:4366: result: /bin/grep -E
configure:4371: checking for ANSI C header files
configure:4391: gcc -c -g -O2  conftest.c >&5
configure:4391: $? = 0
configure:4464: gcc -o conftest -g -O2   conftest.c  >&5
configure:4464: $? = 0
configure:4464: ./conftest
configure:4464: $? = 0
configure:4475: result: yes
configure:4488: checking for sys/types.h
configure:4488: gcc -c -g -O2  conftest.c >&5
configure:4488: $? = 0
configure:4488: result: yes
configure:4488: checking for sys/stat.h
configure:4488: gcc -c -g -O2  conftest.c >&5
configure:4488: $? = 0
configure:4488: result: yes
configure:4488: checking for stdlib.h
configure:4488: gcc -c -g -O2  conftest.c >&5
configure:4488: $? = 0
configure:4488: result: yes
configure:4488: checking for string.h
configure:4488: gcc -c -g -O2  conftest.c >&5
configure:4488: $? = 0
configure:4488: result: yes
configure:4488: checking for memory.h
configure:4488: gcc -c -g -O2  conftest.c >&5
configure:4488: $? = 0
configure:4488: result: yes
configure:4488: checking for strings.h
configure:4488: gcc -c -g -O2  conftest.c >&5
configure:4488: $? = 0
configure:4488: result: yes
configure:4488: checking for inttypes.h
configure:4488: gcc -c -g -O2  conftest.c >&5
configure:4488: $? = 0
configure:4488: result: yes
configure:4488: checking for stdint.h
configure:4488: gcc -c -g -O2  conftest.c >&5
configure:4488: $? = 0
configure:4488: result: yes
configure:4488: checking for unistd.h
configure:4488: gcc -c -g -O2  conftest.c >&5
configure:4488: $? = 0
configure:4488: result: yes
configure:4500: checking for stdbool.h that conforms to C99
configure:4567: gcc -c -g -O2  conftest.c >&5
configure:4567: $? = 0
configure:4574: result: yes
configure:4576: checking for _Bool
configure:4576: gcc -c -g -O2  conftest.c >&5
configure:4576: $? = 0
configure:4576: gcc -c -g -O2  conftest.c >&5
conftest.c: In function 'main':
conftest.c:57:20: error: expected expression before ')' token
 if (sizeof ((_Bool)))
                    ^
configure:4576: $? = 1
configure: failed program was:
| /* confdefs.h */
| #define PACKAGE_NAME "TMT-Discover"
| #define PACKAGE_TARNAME "tmt-discover"
| #define PACKAGE_VERSION "1.0.0"
| #define PACKAGE_STRING "TMT-Discover 1.0.0"
| #define PACKAGE_BUGREPORT "gaofeng@ict.ac.cn"
| #define PACKAGE_URL ""
| #define PACKAGE "tmt-discover"
| #define VERSION "1.0.0"
| #define STDC_HEADERS 1
| #define HAVE_SYS_TYPES_H 1
| #define HAVE_SYS_STAT_H 1
| #define HAVE_STDLIB_H 1
| #define HAVE_STRING_H 1
| #define HAVE_MEMORY_H 1
| #define HAVE_STRINGS_H 1
| #define HAVE_INTTYPES_H 1
| #define HAVE_STDINT_H 1
| #define HAVE_UNISTD_H 1
| /* end confdefs.h.  */
| #include <stdio.h>
| #ifdef HAVE_SYS_TYPES_H
| # include <sys/types.h>
| #endif
| #ifdef HAVE_SYS_STAT_H
| # include <sys/stat.h>
| #endif
| #ifdef STDC_HEADERS
| # include <stdlib.h>
| # include <stddef.h>
| #else
| # ifdef HAVE_STDLIB_H
| #  include <stdlib.h>
| # endif
| #endif
| #ifdef HAVE_STRING_H
| # if !defined STDC_HEADERS && defined HAVE_MEMORY_H
| #  include <memory.h>
| # endif
| # include <string.h>
| #endif
| #ifdef HAVE_STRINGS_H
| # include <strings.h>
| #endif
| #ifdef HAVE_INTTYPES_H
| # include <inttypes.h>
| #endif
| #ifdef HAVE_STDINT_H
| # include <stdint.h>
| #endif
| #ifdef HAVE_UNISTD_H
| # include <unistd.h>
| #endif
| int
| main ()
| {
| if (sizeof ((_Bool)))
| 	    return 0;
|   ;
|   return 0;
| }
configure:4576: result: yes
configure:4587: checking for inline
configure:4603: gcc -c -g -O2  conftest.c >&5
configure:4603: $? = 0
configure:4611: result: inline
configure:4629: checking for size_t
configure:4629: gcc -c -g -O2  conftest.c >&5
configure:4629: $? = 0
configure:4629: gcc -c -g -O2  conftest.c >&5
conftest.c: In function 'main':
conftest.c:58:21: error: expected expression before ')' token
 if (sizeof ((size_t)))
                     ^
configure:4629: $? = 1
configure: failed program was:
| /* confdefs.h */
| #define PACKAGE_NAME "TMT-Discover"
| #define PACKAGE_TARNAME "tmt-discover"
| #define PACKAGE_VERSION "1.0.0"
| #define PACKAGE_STRING "TMT-Discover 1.0.0"
| #define PACKAGE_BUGREPORT "gaofeng@ict.ac.cn"
| #define PACKAGE_URL ""
| #define PACKAGE "tmt-discover"
| #define VERSION "1.0.0"
| #define STDC_HEADERS 1
| #define HAVE_SYS_TYPES_H 1
| #define HAVE_SYS_STAT_H 1
| #define HAVE_STDLIB_H 1
| #define HAVE_STRING_H 1
| #define HAVE_MEMORY_H 1
| #define HAVE_STRINGS_H 1
| #define HAVE_INTTYPES_H 1
| #define HAVE_STDINT_H 1
| #define HAVE_UNISTD_H 1
| #define HAVE__BOOL 1
| /* end confdefs.h.  */
| #include <stdio.h>
| #ifdef HAVE_SYS_TYPES_H
| # include <sys/types.h>
| #endif
| #ifdef HAVE_SYS_STAT_H
| # include <sys/stat.h>
| #endif
| #ifdef STDC_HEADERS
| # include <stdlib.h>
| # include <stddef.h>
| #else
| # ifdef HAVE_STDLIB_H
| #  include <stdlib.h>
| # endif
| #endif
| #ifdef HAVE_STRING_H
| # if !defined STDC_HEADERS && defined HAVE_MEMORY_H
| #  include <memory.h>
| # endif
| # include <string.h>
| #endif
| #ifdef HAVE_STRINGS_H
| # include <strings.h>
| #endif
| #ifdef HAVE_INTTYPES_H
| # include <inttypes.h>
| #endif
| #ifdef HAVE_STDINT_H
| # include <stdint.h>
| #endif
| #ifdef HAVE_UNISTD_H
| # include <unistd.h>
| #endif
| int
| main ()
| {
| if (sizeof ((size_t)))
| 	    return 0;
|   ;
|   return 0;
| }
configure:4629: result: yes
configure:4759: checking that generated files are newer than configure
configure:4765: result: done
configure:4792: creating ./config.status

## ---------------- ##
## Cache variables. ##
## ---------------- ##

ac_cv_c_compiler_gnu=yes
ac_cv_c_inline=inline
ac_cv_cxx_compiler_gnu=yes
ac_cv_env_CCC_set=
ac_cv_env_CCC_value=
ac_cv_env_CC_set=
ac_cv_env_CC_value=
ac_cv_env_CFLAGS_set=
ac_cv_env_CFLAGS_value=
ac_cv_env_CPPFLAGS_set=
ac_cv_env_CPPFLAGS_value=
ac_cv_env_CPP_set=
ac_cv_env_CPP_value=
ac_cv_env_CXXFLAGS_set=
ac_cv_env_CXXFLAGS_value=
ac_cv_env_CXX_set=
ac_cv_env_CXX_value=
ac_cv_env_LDFLAGS_set=
ac_cv_env_LDFLAGS_value=
ac_cv_env_LIBS_set=
ac_cv_env_LIBS_value=
ac_cv_env_build_alias_set=
ac_cv_env_build_alias_value=
ac_cv_env_host_alias_set=
ac_cv_env_host_alias_value=
ac_cv_env_target_alias_set=
ac_cv_env_target_alias_value=
ac_cv_header_inttypes_h=yes
ac_cv_header_memory_h=yes
ac_cv_header_stdbool_h=yes
ac_cv_header_stdc=yes
ac_cv_header_stdint_h=yes
ac_cv_header_stdlib_h=yes
ac_cv_header_string_h=yes
ac_cv_header_strings_h=yes
ac_cv_header_sys_stat_h=yes
ac_cv_header_sys_types_h=yes
ac_cv_header_unistd_h=yes
ac_cv_objext=o
ac_cv_path_EGREP='/bin/grep -E'
ac_cv_path_GREP=/bin/grep
ac_cv_path_install='/usr/bin/install -c'
ac_cv_path_mkdir=/bin/mkdir
ac_cv_prog_AWK=gawk
ac_cv_prog_CPP='gcc -E'
ac_cv_prog_ac_ct_CC=gcc
ac_cv_prog_ac_ct_CXX=g++
ac_cv_prog_cc_c89=
ac_cv_prog_cc_g=yes
ac_cv_prog_cxx_g=yes
ac_cv_prog_make_make_set=yes
ac_cv_type__Bool=yes
ac_cv_type_size_t=yes
am_cv_CC_dependencies_compiler_type=gcc3
am_cv_CXX_dependencies_compiler_type=gcc3
am_cv_make_support_nested_variables=yes
am_cv_prog_cc_c_o=yes

## ----------------- ##
## Output variables. ##
## ----------------- ##

ACLOCAL='${SHELL} /home/excelle/Documents/workspace/cpp/TMT_Discovery/missing aclocal-1.15'
AMDEPBACKSLASH='\'
AMDEP_FALSE='#'
AMDEP_TRUE=''
AMTAR='$${TAR-tar}'
AM_BACKSLASH='\'
AM_DEFAULT_V='$(AM_DEFAULT_VERBOSITY)'
AM_DEFAULT_VERBOSITY='1'
AM_V='$(V)'
AUTOCONF='${SHELL} /home/excelle/Documents/workspace/cpp/TMT_Discovery/missing autoconf'
AUTOHEADER='${SHELL} /home/excelle/Documents/workspace/cpp/TMT_Discovery/missing autoheader'
AUTOMAKE='${SHELL} /home/excelle/Documents/workspace/cpp/TMT_Discovery/missing automake-1.15'
AWK='gawk'
CC='gcc'
CCDEPMODE='depmode=gcc3'
CFLAGS='-g -O2'
CPP='gcc -E'
CPPFLAGS=''
CXX='g++'
CXXDEPMODE='depmode=gcc3'
CXXFLAGS='-g -O2'
CYGPATH_W='echo'
DEFS='-DHAVE_CONFIG_H'
DEPDIR='.deps'
ECHO_C=''
ECHO_N='-n'
ECHO_T=''
EGREP='/bin/grep -E'
EXEEXT=''
GREP='/bin/grep'
INSTALL_DATA='${INSTALL} -m 644'
INSTALL_PROGRAM='${INSTALL}'
INSTALL_SCRIPT='${INSTALL}'
INSTALL_STRIP_PROGRAM='$(install_sh) -c -s'
LDFLAGS=''
LIBOBJS=''
LIBS=''
LTLIBOBJS=''
MAKEINFO='${SHELL} /home/excelle/Documents/workspace/cpp/TMT_Discovery/missing makeinfo'
MKDIR_P='/bin/mkdir -p'
OBJEXT='o'
PACKAGE='tmt-discover'
PACKAGE_BUGREPORT='gaofeng@ict.ac.cn'
PACKAGE_NAME='TMT-Discover'
PACKAGE_STRING='TMT-Discover 1.0.0'
PACKAGE_TARNAME='tmt-discover'
PACKAGE_URL=''
PACKAGE_VERSION='1.0.0'
PATH_SEPARATOR=':'
SET_MAKE=''
SHELL='/bin/bash'
STRIP=''
VERSION='1.0.0'
ac_ct_CC='gcc'
ac_ct_CXX='g++'
am__EXEEXT_FALSE=''
am__EXEEXT_TRUE='#'
am__fastdepCC_FALSE='#'
am__fastdepCC_TRUE=''
am__fastdepCXX_FALSE='#'
am__fastdepCXX_TRUE=''
am__include='include'
am__isrc=''
am__leading_dot='.'
am__nodep='_no'
am__quote=''
am__tar='$${TAR-tar} chof - "$$tardir"'
am__untar='$${TAR-tar} xf -'
bindir='${exec_prefix}/bin'
build_alias=''
datadir='${datarootdir}'
datarootdir='${prefix}/share'
docdir='${datarootdir}/doc/${PACKAGE_TARNAME}'
dvidir='${docdir}'
exec_prefix='${prefix}'
host_alias=''
htmldir='${docdir}'
includedir='${prefix}/include'
infodir='${datarootdir}/info'
install_sh='${SHELL} /home/excelle/Documents/workspace/cpp/TMT_Discovery/install-sh'
libdir='${exec_prefix}/lib'
libexecdir='${exec_prefix}/libexec'
localedir='${datarootdir}/locale'
localstatedir='${prefix}/var'
mandir='${datarootdir}/man'
mkdir_p='$(MKDIR_P)'
oldincludedir='/usr/include'
pdfdir='${docdir}'
prefix='/usr/local'
program_transform_name='s,x,x,'
psdir='${docdir}'
runstatedir='${localstatedir}/run'
sbindir='${exec_prefix}/sbin'
sharedstatedir='${prefix}/com'
subdirs=' '
sysconfdir='${prefix}/etc'
target_alias=''

## ----------- ##
## confdefs.h. ##
## ----------- ##

/* confdefs.h */
#define PACKAGE_NAME "TMT-Discover"
#define PACKAGE_TARNAME "tmt-discover"
#define PACKAGE_VERSION "1.0.0"
#define PACKAGE_STRING "TMT-Discover 1.0.0"
#define PACKAGE_BUGREPORT "gaofeng@ict.ac.cn"
#define PACKAGE_URL ""
#define PACKAGE "tmt-discover"
#define VERSION "1.0.0"
#define STDC_HEADERS 1
#define HAVE_SYS_TYPES_H 1
#define HAVE_SYS_STAT_H 1
#define HAVE_STDLIB_H 1
#define HAVE_STRING_H 1
#define HAVE_MEMORY_H 1
#define HAVE_STRINGS_H 1
#define HAVE_INTTYPES_H 1
#define HAVE_STDINT_H 1
#define HAVE_UNISTD_H 1
#define HAVE__BOOL 1

configure: exit 0

## ---------------------- ##
## Running config.status. ##
## ---------------------- ##

This file was extended by TMT-Discover config.status 1.0.0, which was
generated by GNU Autoconf 2.69.  Invocation command line was

  CONFIG_FILES    = 
  CONFIG_HEADERS  = 
  CONFIG_LINKS    = 
  CONFIG_COMMANDS = 
  $ ./config.status 

on excelle-VirtualBox

config.status:862: creating Makefile
config.status:862: creating src/Makefile
config.status:862: creating config.h
config.status:1043: config.h is unchanged
config.status:1091: executing depfiles commands

## ---------------------- ##
## Running config.status. ##
## ---------------------- ##

This file was extended by TMT-Discover config.status 1.0.0, which was
generated by GNU Autoconf 2.69.  Invocation command line was

  CONFIG_FILES    = 
  CONFIG_HEADERS  = 
  CONFIG_LINKS    = 
  CONFIG_COMMANDS = 
  $ ./config.status config.h

on excelle-VirtualBox

config.status:862: creating config.h
config.status:1043: config.h is unchanged

## ---------------------- ##
## Running config.status. ##
## ---------------------- ##

This file was extended by TMT-Discover config.status 1.0.0, which was
generated by GNU Autoconf 2.69.  Invocation command line was

  CONFIG_FILES    = 
  CONFIG_HEADERS  = 
  CONFIG_LINKS    = 
  CONFIG_COMMANDS = 
  $ ./config.status Makefile

on excelle-VirtualBox

config.status:862: creating Makefile

## ---------------------- ##
## Running config.status. ##
## ---------------------- ##

This file was extended by TMT-Discover config.status 1.0.0, which was
generated by GNU Autoconf 2.69.  Invocation command line was

  CONFIG_FILES    = 
  CONFIG_HEADERS  = 
  CONFIG_LINKS    = 
  CONFIG_COMMANDS = 
  $ ./config.status src/Makefile depfiles

on excelle-VirtualBox

config.status:862: creating src/Makefile
config.status:1091: executing depfiles commands

## ---------------------- ##
## Running config.status. ##
## ---------------------- ##

This file was extended by TMT-Discover config.status 1.0.0, which was
generated by GNU Autoconf 2.69.  Invocation command line was

  CONFIG_FILES    = 
  CONFIG_HEADERS  = 
  CONFIG_LINKS    = 
  CONFIG_COMMANDS = 
  $ ./config.status Makefile

on excelle-VirtualBox

config.status:862: creating Makefile

## ---------------------- ##
## Running config.status. ##
## ---------------------- ##

This file was extended by TMT-Discover config.status 1.0.0, which was
generated by GNU Autoconf 2.69.  Invocation command line was

  CONFIG_FILES    = 
  CONFIG_HEADERS  = 
  CONFIG_LINKS    = 
  CONFIG_COMMANDS = 
  $ ./config.status src/Makefile depfiles

on excelle-VirtualBox

config.status:862: creating src/Makefile
config.status:1091: executing depfiles commands

## ---------------------- ##
## Running config.status. ##
## ---------------------- ##

This file was extended by TMT-Discover config.status 1.0.0, which was
generated by GNU Autoconf 2.69.  Invocation command line was

  CONFIG_FILES    = 
  CONFIG_HEADERS  = 
  CONFIG_LINKS    = 
  CONFIG_COMMANDS = 
  $ ./config.status Makefile

on excelle-VirtualBox

config.status:862: creating Makefile

## ---------------------- ##
## Running config.status. ##
## ---------------------- ##

This file was extended by TMT-Discover config.status 1.0.0, which was
generated by GNU Autoconf 2.69.  Invocation command line was

  CONFIG_FILES    = 
  CONFIG_HEADERS  = 
  CONFIG_LINKS    = 
  CONFIG_COMMANDS = 
  $ ./config.status src/Makefile depfiles

on excelle-VirtualBox

config.status:862: creating src/Makefile
config.status:1091: executing depfiles commands

## ---------------------- ##
## Running config.status. ##
## ---------------------- ##

This file was extended by TMT-Discover config.status 1.0.0, which was
generated by GNU Autoconf 2.69.  Invocation command line was

  CONFIG_FILES    = 
  CONFIG_HEADERS  = 
  CONFIG_LINKS    = 
  CONFIG_COMMANDS = 
  $ ./config.status Makefile

on excelle-VirtualBox

config.status:862: creating Makefile

## ---------------------- ##
## Running config.status. ##
## ---------------------- ##

This file was extended by TMT-Discover config.status 1.0.0, which was
generated by GNU Autoconf 2.69.  Invocation command line was

  CONFIG_FILES    = 
  CONFIG_HEADERS  = 
  CONFIG_LINKS    = 
  CONFIG_COMMANDS = 
  $ ./config.status src/Makefile depfiles

on excelle-VirtualBox

config.status:862: creating src/Makefile
config.status:1091: executing depfiles commands

## ---------------------- ##
## Running config.status. ##
## ---------------------- ##

This file was extended by TMT-Discover config.status 1.0.0, which was
generated by GNU Autoconf 2.69.  Invocation command line was

  CONFIG_FILES    = 
  CONFIG_HEADERS  = 
  CONFIG_LINKS    = 
  CONFIG_COMMANDS = 
  $ ./config.status Makefile

on excelle-VirtualBox

config.status:862: creating Makefile

## ---------------------- ##
## Running config.status. ##
## ---------------------- ##

This file was extended by TMT-Discover config.status 1.0.0, which was
generated by GNU Autoconf 2.69.  Invocation command line was

  CONFIG_FILES    = 
  CONFIG_HEADERS  = 
  CONFIG_LINKS    = 
  CONFIG_COMMANDS = 
  $ ./config.status src/Makefile depfiles

on excelle-VirtualBox

config.status:862: creating src/Makefile
config.status:1091: executing depfiles commands
